#
# There is insufficient memory for the Java Runtime Environment to continue.
# Native memory allocation (malloc) failed to allocate 1048576 bytes for AllocateHeap
# Possible reasons:
#   The system is out of physical RAM or swap space
#   The process is running with CompressedOops enabled, and the Java Heap may be blocking the growth of the native heap
# Possible solutions:
#   Reduce memory load on the system
#   Increase physical memory or swap space
#   Check if swap backing store is full
#   Decrease Java heap size (-Xmx/-Xms)
#   Decrease number of Java threads
#   Decrease Java thread stack sizes (-Xss)
#   Set larger code cache with -XX:ReservedCodeCacheSize=
#   JVM is running with Zero Based Compressed Oops mode in which the Java heap is
#     placed in the first 32GB address space. The Java Heap base address is the
#     maximum limit for the native heap growth. Please use -XX:HeapBaseMinAddress
#     to set the Java Heap base and to place the Java Heap above 32GB virtual address.
# This output file may be truncated or incomplete.
#
#  Out of Memory Error (memory/allocation.inline.hpp:61), pid=18540, tid=0x0000000000002f14
#
# JRE version:  (8.0_251-b08) (build )
# Java VM: Java HotSpot(TM) 64-Bit Server VM (25.251-b08 mixed mode windows-amd64 compressed oops)
# Failed to write core dump. Minidumps are not enabled by default on client versions of Windows
#

---------------  T H R E A D  ---------------

Current thread (0x0000000002f12800):  JavaThread "Unknown thread" [_thread_in_vm, id=12052, stack(0x0000000002d70000,0x0000000002e70000)]

Stack: [0x0000000002d70000,0x0000000002e70000]
[error occurred during error reporting (printing stack bounds), id 0xc0000005]

Native frames: (J=compiled Java code, j=interpreted, Vv=VM code, C=native code)


---------------  P R O C E S S  ---------------

Java Threads: ( => current thread )

Other Threads:

=>0x0000000002f12800 (exited) JavaThread "Unknown thread" [_thread_in_vm, id=12052, stack(0x0000000002d70000,0x0000000002e70000)]

VM state:not at safepoint (normal execution)

VM Mutex/Monitor currently owned by a thread: None

heap address: 0x00000006c1000000, size: 4080 MB, Compressed Oops mode: Zero based, Oop shift amount: 3
Narrow klass base: 0x0000000000000000, Narrow klass shift: 3
Compressed class space size: 1073741824 Address: 0x00000007c0000000

Heap:
 PSYoungGen      total 76288K, used 1310K [0x000000076b000000, 0x0000000770500000, 0x00000007c0000000)
  eden space 65536K, 2% used [0x000000076b000000,0x000000076b147af0,0x000000076f000000)
  from space 10752K, 0% used [0x000000076fa80000,0x000000076fa80000,0x0000000770500000)
  to   space 10752K, 0% used [0x000000076f000000,0x000000076f000000,0x000000076fa80000)
 ParOldGen       total 175104K, used 0K [0x00000006c1000000, 0x00000006cbb00000, 0x000000076b000000)
  object space 175104K, 0% used [0x00000006c1000000,0x00000006c1000000,0x00000006cbb00000)
 Metaspace       used 752K, capacity 4480K, committed 4480K, reserved 1056768K
  class space    used 76K, capacity 384K, committed 384K, reserved 1048576K

Card table byte_map: [0x00000000123d0000,0x0000000012bd0000] byte_map_base: 0x000000000edc8000

Marking Bits: (ParMarkBitMap*) 0x000000005413af90
 Begin Bits: [0x0000000013520000, 0x00000000174e0000)
 End Bits:   [0x00000000174e0000, 0x000000001b4a0000)

Polling page: 0x00000000013f0000

CodeCache: size=245760Kb used=328Kb max_used=328Kb free=245431Kb
 bounds [0x0000000003010000, 0x0000000003280000, 0x0000000012010000]
 total_blobs=58 nmethods=0 adapters=38
 compilation: enabled

Compilation events (0 events):
No events

GC Heap History (0 events):
No events

Deoptimization events (0 events):
No events

Classes redefined (0 events):
No events

Internal exceptions (0 events):
No events

Events (10 events):
Event: 0.041 loading class java/lang/Short
Event: 0.041 loading class java/lang/Short done
Event: 0.041 loading class java/lang/Integer
Event: 0.041 loading class java/lang/Integer done
Event: 0.041 loading class java/lang/Long
Event: 0.049 loading class java/lang/Long done
Event: 0.049 loading class java/lang/NullPointerException
Event: 0.049 loading class java/lang/NullPointerException done
Event: 0.049 loading class java/lang/ArithmeticException
Event: 0.050 loading class java/lang/ArithmeticException done


Dynamic libraries:
0x00007ff6b6860000 - 0x00007ff6b6897000 	C:\Program Files\Java\jre1.8.0_251\bin\javaw.exe
0x00007ffadafc0000 - 0x00007ffadb1ad000 	C:\Windows\SYSTEM32\ntdll.dll
0x00007ffad91e0000 - 0x00007ffad9293000 	C:\Windows\System32\KERNEL32.DLL
0x00007ffad7150000 - 0x00007ffad73e5000 	C:\Windows\System32\KERNELBASE.dll
0x00007ffad81e0000 - 0x00007ffad8283000 	C:\Windows\System32\ADVAPI32.dll
0x00007ffad8c40000 - 0x00007ffad8cde000 	C:\Windows\System32\msvcrt.dll
0x00007ffad92a0000 - 0x00007ffad933e000 	C:\Windows\System32\sechost.dll
0x00007ffad83d0000 - 0x00007ffad84f2000 	C:\Windows\System32\RPCRT4.dll
0x00007ffada8b0000 - 0x00007ffadaa47000 	C:\Windows\System32\USER32.dll
0x00007ffad79c0000 - 0x00007ffad79e0000 	C:\Windows\System32\win32u.dll
0x00007ffadaa50000 - 0x00007ffadaa79000 	C:\Windows\System32\GDI32.dll
0x00007ffad73f0000 - 0x00007ffad7589000 	C:\Windows\System32\gdi32full.dll
0x00007ffad7590000 - 0x00007ffad7630000 	C:\Windows\System32\msvcp_win.dll
0x00007ffad7630000 - 0x00007ffad772a000 	C:\Windows\System32\ucrtbase.dll
0x00007ffacbb10000 - 0x00007ffacbd89000 	C:\Windows\WinSxS\amd64_microsoft.windows.common-controls_6595b64144ccf1df_6.0.17763.1217_none_de6e4304534e0ad3\COMCTL32.dll
0x00007ffadabf0000 - 0x00007ffadaf1c000 	C:\Windows\System32\combase.dll
0x00007ffad79e0000 - 0x00007ffad7a5e000 	C:\Windows\System32\bcryptPrimitives.dll
0x00007ffadaa80000 - 0x00007ffadaaae000 	C:\Windows\System32\IMM32.DLL
0x0000000053830000 - 0x0000000053902000 	C:\Program Files\Java\jre1.8.0_251\bin\msvcr100.dll
0x0000000053910000 - 0x00000000541bb000 	C:\Program Files\Java\jre1.8.0_251\bin\server\jvm.dll
0x00007ffadabe0000 - 0x00007ffadabe8000 	C:\Windows\System32\PSAPI.DLL
0x00007ffab1760000 - 0x00007ffab1769000 	C:\Windows\SYSTEM32\WSOCK32.dll
0x00007ffada840000 - 0x00007ffada8ad000 	C:\Windows\System32\WS2_32.dll
0x00007ffad3d50000 - 0x00007ffad3d74000 	C:\Windows\SYSTEM32\WINMM.dll
0x00007ffad1060000 - 0x00007ffad106a000 	C:\Windows\SYSTEM32\VERSION.dll
0x00007ffad3ad0000 - 0x00007ffad3afd000 	C:\Windows\SYSTEM32\WINMMBASE.dll
0x00007ffad7970000 - 0x00007ffad79ba000 	C:\Windows\System32\cfgmgr32.dll
0x00007ffaaff50000 - 0x00007ffaaff5f000 	C:\Program Files\Java\jre1.8.0_251\bin\verify.dll
0x00007ffaa0f40000 - 0x00007ffaa0f69000 	C:\Program Files\Java\jre1.8.0_251\bin\java.dll
0x00007ffaa5a40000 - 0x00007ffaa5a56000 	C:\Program Files\Java\jre1.8.0_251\bin\zip.dll

VM Arguments:
jvm_args: -Dfile.encoding=Cp1252 
java_command: main.Principal
java_class_path (initial): C:\Program Files\Java\jre1.8.0_251\lib\resources.jar;C:\Program Files\Java\jre1.8.0_251\lib\rt.jar;C:\Program Files\Java\jre1.8.0_251\lib\jsse.jar;C:\Program Files\Java\jre1.8.0_251\lib\jce.jar;C:\Program Files\Java\jre1.8.0_251\lib\charsets.jar;C:\Program Files\Java\jre1.8.0_251\lib\jfr.jar;C:\Program Files\Java\jre1.8.0_251\lib\ext\access-bridge-64.jar;C:\Program Files\Java\jre1.8.0_251\lib\ext\cldrdata.jar;C:\Program Files\Java\jre1.8.0_251\lib\ext\dnsns.jar;C:\Program Files\Java\jre1.8.0_251\lib\ext\jaccess.jar;C:\Program Files\Java\jre1.8.0_251\lib\ext\jfxrt.jar;C:\Program Files\Java\jre1.8.0_251\lib\ext\localedata.jar;C:\Program Files\Java\jre1.8.0_251\lib\ext\nashorn.jar;C:\Program Files\Java\jre1.8.0_251\lib\ext\sunec.jar;C:\Program Files\Java\jre1.8.0_251\lib\ext\sunjce_provider.jar;C:\Program Files\Java\jre1.8.0_251\lib\ext\sunmscapi.jar;C:\Program Files\Java\jre1.8.0_251\lib\ext\sunpkcs11.jar;C:\Program Files\Java\jre1.8.0_251\lib\ext\zipfs.jar;G:\Proyectos\Java\TAREA5_GRUPO_2_LAB4\TAREA5_GRUPO_2_LAB4\bin;G:\Proyectos\Java\TAREA5_GRUPO_2_LAB4\TAREA5_GRUPO_2_LAB4\miglayout15-swing.jar;G:\Proyectos\Java\TAREA5_GRUPO_2_LAB4\TAREA5_GRUPO_2_LAB4\jgoodies-forms-1.8.0.jar;G:\Proyectos\Java\mysql-connector-java-8.0.20\mysql-connector-java-8.0.20.jar
Launcher Type: SUN_STANDARD

Environment Variables:
PATH=C:/Program Files/Java/jre1.8.0_251/bin/server;C:/Program Files/Java/jre1.8.0_251/bin;C:/Program Files/Java/jre1.8.0_251/lib/amd64;C:\Program Files (x86)\Common Files\Oracle\Java\javapath;C:\Windows\system32;C:\Windows;C:\Windows\System32\Wbem;C:\Windows\System32\WindowsPowerShell\v1.0\;C:\Windows\System32\OpenSSH\;C:\Program Files\NVIDIA Corporation\NVIDIA NvDLISR;C:\Program Files\Microsoft SQL Server\Client SDK\ODBC\110\Tools\Binn\;C:\Program Files (x86)\Microsoft SQL Server\120\Tools\Binn\ManagementStudio\;C:\Program Files (x86)\Microsoft SQL Server\120\Tools\Binn\;C:\Program Files\Microsoft SQL Server\120\Tools\Binn\;C:\Program Files (x86)\Microsoft SQL Server\120\DTS\Binn\;C:\Program Files\Microsoft SQL Server\120\DTS\Binn\;C:\Program Files\dotnet\;C:\Program Files\Microsoft SQL Server\130\Tools\Binn\;G:\Node\;C:\ProgramData\chocolatey\bin;C:\Program Files (x86)\NVIDIA Corporation\PhysX\Common;C:\Program Files\MySQL\MySQL Utilities 1.6\;G:\Git\cmd;C:\Users\Elias\AppData\Local\Programs\Python\Python38-32\Scripts\;C:\Users\Elias\AppData\Local\Programs\Python\Python38-32\;C:\Users\Elias\AppData\Local\Microsoft\WindowsApps;C:\Users\Elias\AppData\Roaming\Dashlane\6.1920.0.20431\bin\Firefox_Extension\{442718d9-475e-452a-b3e1-fb1ee16b8e9f}\components;C:\Users\Elias\AppData\Roaming\Dashlane\6.1920.0.20431\ucrt;C:\Users\Elias\AppData\Roaming\Dashlane\6.1920.0.20431\bin\Qt;C:\Users\Elias\AppData\Roaming\Dashlane\6.1920.0.20431\bin\Ssl;G:\Microsoft VS Code\bin;C:\Users\Elias\AppData\Roaming\npm;C:\Program Files\Java\jdk1.8.0_241\bin;C:\Users\Elias\AppData\Local\GitHubDesktop\bin;G:\eclipse;
USERNAME=Elias
OS=Windows_NT
PROCESSOR_IDENTIFIER=Intel64 Family 6 Model 94 Stepping 3, GenuineIntel



---------------  S Y S T E M  ---------------

OS: Windows 10.0 , 64 bit Build 17763 (10.0.17763.1158)

CPU:total 4 (initial active 4) (4 cores per cpu, 1 threads per core) family 6 model 94 stepping 3, cmov, cx8, fxsr, mmx, sse, sse2, sse3, ssse3, sse4.1, sse4.2, popcnt, avx, avx2, aes, clmul, erms, rtm, 3dnowpref, lzcnt, tsc, tscinvbit, bmi1, bmi2, adx

Memory: 4k page, physical 16708656k(6244180k free), swap 26477060k(5388k free)

vm_info: Java HotSpot(TM) 64-Bit Server VM (25.251-b08) for windows-amd64 JRE (1.8.0_251-b08), built on Mar 12 2020 06:31:49 by "" with MS VC++ 10.0 (VS2010)

time: Wed May 20 21:53:19 2020
timezone: Hora estándar de Argentina
elapsed time: 0 seconds (0d 0h 0m 0s)

